<?xml version="1.0" encoding="UTF-8"?>
<!-- Generated by org.testng.reporters.JUnitXMLReporter -->
<testsuite ignored="0" hostname="hp252734T" failures="0" tests="7" name="parallelTest" time="0.066" errors="0" timestamp="2024-08-19T13:26:00 IST">
  <testcase classname="testScript.Base" name="@BeforeMethod initialiseBrowser" time="-1.724054160181E9">
    <failure type="org.testng.TestNGException" message="
Parameter &amp;apos;browser&amp;apos; is required by BeforeMethod on method initialiseBrowser but has not been marked @Optional or defined
in C:\Users\donat\eclipse-workspace\Automation_Project\paralleltesting.xml">
      <![CDATA[org.testng.TestNGException: 
Parameter 'browser' is required by BeforeMethod on method initialiseBrowser but has not been marked @Optional or defined
in C:\Users\donat\eclipse-workspace\Automation_Project\paralleltesting.xml
at java.base/java.util.concurrent.ThreadPoolExecutor.runWorker(ThreadPoolExecutor.java:1136)
at java.base/java.util.concurrent.ThreadPoolExecutor$Worker.run(ThreadPoolExecutor.java:635)
at java.base/java.lang.Thread.run(Thread.java:842)
... Removed 13 stack frames]]>
    </failure>
  </testcase> <!-- @BeforeMethod initialiseBrowser -->
  <testcase classname="testScript.Base" name="@BeforeMethod initialiseBrowser" time="-1.724054160181E9">
    <failure type="org.testng.TestNGException" message="
Parameter &amp;apos;browser&amp;apos; is required by BeforeMethod on method initialiseBrowser but has not been marked @Optional or defined
in C:\Users\donat\eclipse-workspace\Automation_Project\paralleltesting.xml">
      <![CDATA[org.testng.TestNGException: 
Parameter 'browser' is required by BeforeMethod on method initialiseBrowser but has not been marked @Optional or defined
in C:\Users\donat\eclipse-workspace\Automation_Project\paralleltesting.xml
at java.base/java.util.concurrent.ThreadPoolExecutor.runWorker(ThreadPoolExecutor.java:1136)
at java.base/java.util.concurrent.ThreadPoolExecutor$Worker.run(ThreadPoolExecutor.java:635)
at java.base/java.lang.Thread.run(Thread.java:842)
... Removed 13 stack frames]]>
    </failure>
  </testcase> <!-- @BeforeMethod initialiseBrowser -->
  <testcase classname="testScript.Base" name="@AfterMethod afterMethod" time="-1.724054160204E9">
    <skipped/>
  </testcase> <!-- @AfterMethod afterMethod -->
  <testcase classname="testScript.Base" name="@AfterMethod afterMethod" time="-1.724054160204E9">
    <skipped/>
  </testcase> <!-- @AfterMethod afterMethod -->
  <testcase classname="testScript.Base" name="@BeforeMethod initialiseBrowser" time="-1.724054160205E9">
    <skipped/>
  </testcase> <!-- @BeforeMethod initialiseBrowser -->
  <testcase classname="testScript.Base" name="@BeforeMethod initialiseBrowser" time="-1.724054160206E9">
    <skipped/>
  </testcase> <!-- @BeforeMethod initialiseBrowser -->
  <testcase classname="testScript.Base" name="@AfterMethod afterMethod" time="-1.724054160209E9">
    <skipped/>
  </testcase> <!-- @AfterMethod afterMethod -->
  <testcase classname="testScript.Base" name="@BeforeMethod initialiseBrowser" time="-1.72405416021E9">
    <skipped/>
  </testcase> <!-- @BeforeMethod initialiseBrowser -->
  <testcase classname="testScript.Base" name="@AfterMethod afterMethod" time="-1.724054160211E9">
    <skipped/>
  </testcase> <!-- @AfterMethod afterMethod -->
  <testcase classname="testScript.Base" name="@AfterMethod afterMethod" time="-1.724054160213E9">
    <skipped/>
  </testcase> <!-- @AfterMethod afterMethod -->
  <testcase classname="testScript.Base" name="@BeforeMethod initialiseBrowser" time="-1.724054160214E9">
    <skipped/>
  </testcase> <!-- @BeforeMethod initialiseBrowser -->
  <testcase classname="testScript.Base" name="@AfterMethod afterMethod" time="-1.724054160217E9">
    <skipped/>
  </testcase> <!-- @AfterMethod afterMethod -->
  <testcase classname="testScript.Base" name="@BeforeMethod initialiseBrowser" time="-1.724054160218E9">
    <skipped/>
  </testcase> <!-- @BeforeMethod initialiseBrowser -->
  <testcase classname="testScript.Base" name="@AfterMethod afterMethod" time="-1.724054160221E9">
    <skipped/>
  </testcase> <!-- @AfterMethod afterMethod -->
  <testcase classname="testScript.Base" name="f" time="0.0">
    <skipped/>
  </testcase> <!-- f -->
  <testcase classname="testScript.Base" name="f" time="0.0">
    <skipped/>
  </testcase> <!-- f -->
  <testcase classname="testScript.LoginPage_Test" name="verifyUserIsAbleToLoginUsingInvalidUsernameValidPassword" time="0.0">
    <skipped/>
  </testcase> <!-- verifyUserIsAbleToLoginUsingInvalidUsernameValidPassword -->
  <testcase classname="testScript.DeleteAdminUser_Test" name="verifyUserIsAbleToDeleteUserFromList" time="0.0">
    <skipped/>
  </testcase> <!-- verifyUserIsAbleToDeleteUserFromList -->
  <testcase classname="testScript.LoginPage_Test" name="verifyUserIsAbleToLoginUsingValidCredentials" time="0.0">
    <skipped/>
  </testcase> <!-- verifyUserIsAbleToLoginUsingValidCredentials -->
  <testcase classname="testScript.LoginPage_Test" name="verifyUserIsAbleToLoginUsingValidUsernameInvalidPassword" time="0.0">
    <skipped/>
  </testcase> <!-- verifyUserIsAbleToLoginUsingValidUsernameInvalidPassword -->
  <testcase classname="testScript.LoginPage_Test" name="verifyUserIsAbleToLoginUsinginvalidcredentials" time="0.0">
    <skipped/>
  </testcase> <!-- verifyUserIsAbleToLoginUsinginvalidcredentials -->
</testsuite> <!-- parallelTest -->
