<?xml version="1.0" encoding="UTF-8"?>
<!-- Generated by org.testng.reporters.JUnitReportReporter -->
<testsuite hostname="hp252734T" failures="0" tests="3" name="testScript.DeleteAdminUser_Test" time="-1724054144.000" errors="1" timestamp="2024-08-19T13:26:00 IST" skipped="2">
  <testcase classname="testScript.DeleteAdminUser_Test" name="verifyUserIsAbleToDeleteUserFromList" time="0.000">
    <skipped/>
  </testcase> <!-- verifyUserIsAbleToDeleteUserFromList -->
  <system-out/>
  <testcase classname="testScript.DeleteAdminUser_Test" name="initialiseBrowser" time="-1724054144.000">
    <error message="
Parameter &#039;browser&#039; is required by BeforeMethod on method initialiseBrowser but has not been marked @Optional or defined
in C:\Users\donat\eclipse-workspace\Automation_Project\paralleltesting.xml" type="org.testng.TestNGException">
      <![CDATA[org.testng.TestNGException: 
Parameter 'browser' is required by BeforeMethod on method initialiseBrowser but has not been marked @Optional or defined
in C:\Users\donat\eclipse-workspace\Automation_Project\paralleltesting.xml
at org.testng.internal.Parameters.createParams(Parameters.java:270)
at org.testng.internal.Parameters.createParametersForMethod(Parameters.java:358)
at org.testng.internal.Parameters.createParameters(Parameters.java:700)
at org.testng.internal.Parameters.createConfigurationParameters(Parameters.java:168)
at org.testng.internal.ConfigInvoker.invokeConfigurations(ConfigInvoker.java:302)
at org.testng.internal.TestInvoker.runConfigMethods(TestInvoker.java:700)
at org.testng.internal.TestInvoker.invokeMethod(TestInvoker.java:527)
at org.testng.internal.TestInvoker.invokeTestMethod(TestInvoker.java:173)
at org.testng.internal.MethodRunner.runInSequence(MethodRunner.java:46)
at org.testng.internal.TestInvoker$MethodInvocationAgent.invoke(TestInvoker.java:824)
at org.testng.internal.TestInvoker.invokeTestMethods(TestInvoker.java:146)
at org.testng.internal.TestMethodWorker.invokeTestMethods(TestMethodWorker.java:146)
at org.testng.internal.TestMethodWorker.run(TestMethodWorker.java:128)
at java.base/java.util.concurrent.ThreadPoolExecutor.runWorker(ThreadPoolExecutor.java:1136)
at java.base/java.util.concurrent.ThreadPoolExecutor$Worker.run(ThreadPoolExecutor.java:635)
at java.base/java.lang.Thread.run(Thread.java:842)
]]>
    </error>
  </testcase> <!-- initialiseBrowser -->
  <system-out/>
  <testcase classname="testScript.DeleteAdminUser_Test" name="f" time="0.000">
    <skipped/>
  </testcase> <!-- f -->
  <system-out/>
</testsuite> <!-- testScript.DeleteAdminUser_Test -->
